::1 - - [10/Mar/2022:04:20:53 +0000] "GET / HTTP/1.1" 304 -
::1 - - [10/Mar/2022:04:20:53 +0000] "GET /css/bootstrap.min.css HTTP/1.1" 304 -
::1 - - [10/Mar/2022:04:20:53 +0000] "GET /css/styles.css HTTP/1.1" 304 -
::1 - - [10/Mar/2022:04:20:53 +0000] "GET /js/bootstrap.min.js HTTP/1.1" 304 -
::1 - - [10/Mar/2022:04:20:54 +0000] "GET /fonts/glyphicons-halflings-regular.woff HTTP/1.1" 404 178
::1 - - [10/Mar/2022:04:20:54 +0000] "GET /fonts/glyphicons-halflings-regular.ttf HTTP/1.1" 404 177
::1 - - [10/Mar/2022:04:20:56 +0000] "GET /category HTTP/1.1" 304 -
::1 - - [10/Mar/2022:04:20:56 +0000] "GET /css/bootstrap.min.css HTTP/1.1" 304 -
::1 - - [10/Mar/2022:04:20:56 +0000] "GET /css/styles.css HTTP/1.1" 304 -
::1 - - [10/Mar/2022:04:20:56 +0000] "GET /js/bootstrap.min.js HTTP/1.1" 304 -
::1 - - [10/Mar/2022:04:20:56 +0000] "GET /fonts/glyphicons-halflings-regular.woff HTTP/1.1" 404 178
::1 - - [10/Mar/2022:04:20:56 +0000] "GET /fonts/glyphicons-halflings-regular.ttf HTTP/1.1" 404 177
::1 - - [10/Mar/2022:04:20:58 +0000] "GET /products/category/1 HTTP/1.1" 200 55731
::1 - - [10/Mar/2022:04:20:58 +0000] "GET /products/category/css/bootstrap.min.css HTTP/1.1" 404 178
::1 - - [10/Mar/2022:04:20:58 +0000] "GET /products/category/css/styles.css HTTP/1.1" 404 171
::1 - - [10/Mar/2022:04:20:58 +0000] "GET /products/category/js/bootstrap.min.js HTTP/1.1" 404 176
::1 - - [10/Mar/2022:04:23:34 +0000] "GET /products/category/1 HTTP/1.1" 200 55733
::1 - - [10/Mar/2022:04:23:34 +0000] "GET /css/bootstrap.min.css HTTP/1.1" 304 -
::1 - - [10/Mar/2022:04:23:34 +0000] "GET /css/styles.css HTTP/1.1" 304 -
::1 - - [10/Mar/2022:04:23:34 +0000] "GET /products/category/js/bootstrap.min.js HTTP/1.1" 404 176
::1 - - [10/Mar/2022:04:23:34 +0000] "GET /fonts/glyphicons-halflings-regular.woff HTTP/1.1" 404 178
::1 - - [10/Mar/2022:04:23:34 +0000] "GET /fonts/glyphicons-halflings-regular.ttf HTTP/1.1" 404 177
::1 - - [10/Mar/2022:04:24:39 +0000] "GET / HTTP/1.1" 304 -
::1 - - [10/Mar/2022:04:24:39 +0000] "GET /css/bootstrap.min.css HTTP/1.1" 304 -
::1 - - [10/Mar/2022:04:24:39 +0000] "GET /css/styles.css HTTP/1.1" 304 -
::1 - - [10/Mar/2022:04:24:39 +0000] "GET /js/bootstrap.min.js HTTP/1.1" 304 -
::1 - - [10/Mar/2022:04:24:39 +0000] "GET /fonts/glyphicons-halflings-regular.woff HTTP/1.1" 404 178
::1 - - [10/Mar/2022:04:24:39 +0000] "GET /fonts/glyphicons-halflings-regular.ttf HTTP/1.1" 404 177
::1 - - [10/Mar/2022:04:24:43 +0000] "GET /category HTTP/1.1" 304 -
::1 - - [10/Mar/2022:04:24:43 +0000] "GET /css/bootstrap.min.css HTTP/1.1" 304 -
::1 - - [10/Mar/2022:04:24:43 +0000] "GET /css/styles.css HTTP/1.1" 304 -
::1 - - [10/Mar/2022:04:24:43 +0000] "GET /js/bootstrap.min.js HTTP/1.1" 304 -
::1 - - [10/Mar/2022:04:24:43 +0000] "GET /fonts/glyphicons-halflings-regular.woff HTTP/1.1" 404 178
::1 - - [10/Mar/2022:04:24:43 +0000] "GET /fonts/glyphicons-halflings-regular.ttf HTTP/1.1" 404 177
::1 - - [10/Mar/2022:04:24:47 +0000] "GET /products/category/2 HTTP/1.1" 200 14427
::1 - - [10/Mar/2022:04:24:47 +0000] "GET /css/bootstrap.min.css HTTP/1.1" 304 -
::1 - - [10/Mar/2022:04:24:47 +0000] "GET /css/styles.css HTTP/1.1" 304 -
::1 - - [10/Mar/2022:04:24:47 +0000] "GET /products/category/js/bootstrap.min.js HTTP/1.1" 404 176
::1 - - [10/Mar/2022:04:24:47 +0000] "GET /fonts/glyphicons-halflings-regular.woff HTTP/1.1" 404 178
::1 - - [10/Mar/2022:04:24:47 +0000] "GET /fonts/glyphicons-halflings-regular.ttf HTTP/1.1" 404 177
::1 - - [10/Mar/2022:04:25:29 +0000] "GET / HTTP/1.1" 304 -
::1 - - [10/Mar/2022:04:25:29 +0000] "GET /css/bootstrap.min.css HTTP/1.1" 304 -
::1 - - [10/Mar/2022:04:25:29 +0000] "GET /css/styles.css HTTP/1.1" 304 -
::1 - - [10/Mar/2022:04:25:29 +0000] "GET /js/bootstrap.min.js HTTP/1.1" 304 -
::1 - - [10/Mar/2022:04:25:29 +0000] "GET /fonts/glyphicons-halflings-regular.woff HTTP/1.1" 404 178
::1 - - [10/Mar/2022:04:25:29 +0000] "GET /fonts/glyphicons-halflings-regular.ttf HTTP/1.1" 404 177
::1 - - [10/Mar/2022:04:25:33 +0000] "GET /category HTTP/1.1" 304 -
::1 - - [10/Mar/2022:04:25:33 +0000] "GET /css/bootstrap.min.css HTTP/1.1" 304 -
::1 - - [10/Mar/2022:04:25:33 +0000] "GET /css/styles.css HTTP/1.1" 304 -
::1 - - [10/Mar/2022:04:25:33 +0000] "GET /js/bootstrap.min.js HTTP/1.1" 304 -
::1 - - [10/Mar/2022:04:25:33 +0000] "GET /fonts/glyphicons-halflings-regular.woff HTTP/1.1" 404 178
::1 - - [10/Mar/2022:04:25:33 +0000] "GET /fonts/glyphicons-halflings-regular.ttf HTTP/1.1" 404 177
::1 - - [10/Mar/2022:04:25:43 +0000] "GET /products/category/4 HTTP/1.1" 200 5394
::1 - - [10/Mar/2022:04:25:43 +0000] "GET /css/bootstrap.min.css HTTP/1.1" 304 -
::1 - - [10/Mar/2022:04:25:43 +0000] "GET /css/styles.css HTTP/1.1" 304 -
::1 - - [10/Mar/2022:04:25:43 +0000] "GET /products/category/js/bootstrap.min.js HTTP/1.1" 404 176
::1 - - [10/Mar/2022:04:25:43 +0000] "GET /fonts/glyphicons-halflings-regular.woff HTTP/1.1" 404 178
::1 - - [10/Mar/2022:04:25:43 +0000] "GET /fonts/glyphicons-halflings-regular.ttf HTTP/1.1" 404 177
::1 - - [10/Mar/2022:04:25:51 +0000] "GET /products/category/3 HTTP/1.1" 200 5394
::1 - - [10/Mar/2022:04:25:51 +0000] "GET /css/bootstrap.min.css HTTP/1.1" 304 -
::1 - - [10/Mar/2022:04:25:51 +0000] "GET /css/styles.css HTTP/1.1" 304 -
::1 - - [10/Mar/2022:04:25:51 +0000] "GET /products/category/js/bootstrap.min.js HTTP/1.1" 404 176
::1 - - [10/Mar/2022:04:25:51 +0000] "GET /fonts/glyphicons-halflings-regular.woff HTTP/1.1" 404 178
::1 - - [10/Mar/2022:04:25:51 +0000] "GET /fonts/glyphicons-halflings-regular.ttf HTTP/1.1" 404 177
::1 - - [10/Mar/2022:04:25:58 +0000] "GET /products/category/2 HTTP/1.1" 304 -
::1 - - [10/Mar/2022:04:25:58 +0000] "GET /css/bootstrap.min.css HTTP/1.1" 304 -
::1 - - [10/Mar/2022:04:25:58 +0000] "GET /css/styles.css HTTP/1.1" 304 -
::1 - - [10/Mar/2022:04:25:58 +0000] "GET /products/category/js/bootstrap.min.js HTTP/1.1" 404 176
::1 - - [10/Mar/2022:04:25:58 +0000] "GET /fonts/glyphicons-halflings-regular.woff HTTP/1.1" 404 178
::1 - - [10/Mar/2022:04:25:58 +0000] "GET /fonts/glyphicons-halflings-regular.ttf HTTP/1.1" 404 177
